2024-06-21 00:02:52.070 INFO  o.s.scheduling.concurrent.ThreadPoolTaskExecutor  :218  [32m                  [0;39m Shutting down ExecutorService 'applicationTaskExecutor'
2024-06-21 00:02:55.501 INFO  com.example.wiki.WikiApplication                  :55   [32m                  [0;39m Starting WikiApplication using Java 1.8.0_402 on 192.168.1.3 with PID 42478 (/Users/coder-zjc/java-project/wiki/target/classes started by coder-zjc in /Users/coder-zjc/java-project/wiki)
2024-06-21 00:02:55.502 INFO  com.example.wiki.WikiApplication                  :660  [32m                  [0;39m No active profile set, falling back to default profiles: default
2024-06-21 00:02:55.529 INFO  o.s.b.d.env.DevToolsPropertyDefaultsPostProcessor :255  [32m                  [0;39m Devtools property defaults active! Set 'spring.devtools.add-properties' to 'false' to disable
2024-06-21 00:02:55.530 INFO  o.s.b.d.env.DevToolsPropertyDefaultsPostProcessor :255  [32m                  [0;39m For additional web related logging consider setting the 'logging.level.web' property to 'DEBUG'
2024-06-21 00:02:55.927 INFO  o.s.boot.web.embedded.tomcat.TomcatWebServer      :108  [32m                  [0;39m Tomcat initialized with port(s): 8082 (http)
2024-06-21 00:02:55.932 INFO  org.apache.coyote.http11.Http11NioProtocol        :173  [32m                  [0;39m Initializing ProtocolHandler ["http-nio-8082"]
2024-06-21 00:02:55.933 INFO  org.apache.catalina.core.StandardService          :173  [32m                  [0;39m Starting service [Tomcat]
2024-06-21 00:02:55.933 INFO  org.apache.catalina.core.StandardEngine           :173  [32m                  [0;39m Starting Servlet engine: [Apache Tomcat/9.0.39]
2024-06-21 00:02:55.957 INFO  o.a.c.core.ContainerBase.[Tomcat].[localhost].[/] :173  [32m                  [0;39m Initializing Spring embedded WebApplicationContext
2024-06-21 00:02:55.957 INFO  o.s.b.w.s.c.ServletWebServerApplicationContext    :289  [32m                  [0;39m Root WebApplicationContext: initialization completed in 427 ms
2024-06-21 00:02:56.035 INFO  o.s.scheduling.concurrent.ThreadPoolTaskExecutor  :181  [32m                  [0;39m Initializing ExecutorService 'applicationTaskExecutor'
2024-06-21 00:02:56.111 WARN  o.s.b.d.autoconfigure.OptionalLiveReloadServer    :61   [32m                  [0;39m Unable to start LiveReload server
2024-06-21 00:02:56.119 INFO  org.apache.coyote.http11.Http11NioProtocol        :173  [32m                  [0;39m Starting ProtocolHandler ["http-nio-8082"]
2024-06-21 00:02:56.130 INFO  o.s.boot.web.embedded.tomcat.TomcatWebServer      :220  [32m                  [0;39m Tomcat started on port(s): 8082 (http) with context path ''
2024-06-21 00:02:56.135 INFO  com.example.wiki.WikiApplication                  :61   [32m                  [0;39m Started WikiApplication in 0.898 seconds (JVM running for 1.235)
2024-06-21 00:02:56.137 INFO  com.example.wiki.WikiApplication                  :16   [32m                  [0;39m 启动成功！！
2024-06-21 00:02:56.137 INFO  com.example.wiki.WikiApplication                  :17   [32m                  [0;39m 地址: 	http://127.0.0.1:8082
2024-06-21 00:03:54.838 INFO  o.s.scheduling.concurrent.ThreadPoolTaskExecutor  :218  [32m                  [0;39m Shutting down ExecutorService 'applicationTaskExecutor'
2024-06-21 00:03:56.205 INFO  com.example.wiki.WikiApplication                  :55   [32m                  [0;39m Starting WikiApplication using Java 1.8.0_402 on 192.168.1.3 with PID 42844 (/Users/coder-zjc/java-project/wiki/target/classes started by coder-zjc in /Users/coder-zjc/java-project/wiki)
2024-06-21 00:03:56.207 INFO  com.example.wiki.WikiApplication                  :660  [32m                  [0;39m No active profile set, falling back to default profiles: default
2024-06-21 00:03:56.227 INFO  o.s.b.d.env.DevToolsPropertyDefaultsPostProcessor :255  [32m                  [0;39m Devtools property defaults active! Set 'spring.devtools.add-properties' to 'false' to disable
2024-06-21 00:03:56.228 INFO  o.s.b.d.env.DevToolsPropertyDefaultsPostProcessor :255  [32m                  [0;39m For additional web related logging consider setting the 'logging.level.web' property to 'DEBUG'
2024-06-21 00:03:56.628 INFO  o.s.boot.web.embedded.tomcat.TomcatWebServer      :108  [32m                  [0;39m Tomcat initialized with port(s): 8082 (http)
2024-06-21 00:03:56.633 INFO  org.apache.coyote.http11.Http11NioProtocol        :173  [32m                  [0;39m Initializing ProtocolHandler ["http-nio-8082"]
2024-06-21 00:03:56.634 INFO  org.apache.catalina.core.StandardService          :173  [32m                  [0;39m Starting service [Tomcat]
2024-06-21 00:03:56.634 INFO  org.apache.catalina.core.StandardEngine           :173  [32m                  [0;39m Starting Servlet engine: [Apache Tomcat/9.0.39]
2024-06-21 00:03:56.654 INFO  o.a.c.core.ContainerBase.[Tomcat].[localhost].[/] :173  [32m                  [0;39m Initializing Spring embedded WebApplicationContext
2024-06-21 00:03:56.654 INFO  o.s.b.w.s.c.ServletWebServerApplicationContext    :289  [32m                  [0;39m Root WebApplicationContext: initialization completed in 426 ms
2024-06-21 00:03:56.727 INFO  o.s.scheduling.concurrent.ThreadPoolTaskExecutor  :181  [32m                  [0;39m Initializing ExecutorService 'applicationTaskExecutor'
2024-06-21 00:03:56.814 WARN  o.s.b.d.autoconfigure.OptionalLiveReloadServer    :61   [32m                  [0;39m Unable to start LiveReload server
2024-06-21 00:03:56.823 INFO  org.apache.coyote.http11.Http11NioProtocol        :173  [32m                  [0;39m Starting ProtocolHandler ["http-nio-8082"]
2024-06-21 00:03:56.833 INFO  o.s.boot.web.embedded.tomcat.TomcatWebServer      :220  [32m                  [0;39m Tomcat started on port(s): 8082 (http) with context path ''
2024-06-21 00:03:56.839 INFO  com.example.wiki.WikiApplication                  :61   [32m                  [0;39m Started WikiApplication in 0.897 seconds (JVM running for 1.18)
2024-06-21 00:03:56.841 INFO  com.example.wiki.WikiApplication                  :16   [32m                  [0;39m 启动成功！！
2024-06-21 00:03:56.841 INFO  com.example.wiki.WikiApplication                  :17   [32m                  [0;39m 地址: 	http://127.0.0.1:8082
2024-06-21 00:04:19.432 INFO  o.s.scheduling.concurrent.ThreadPoolTaskExecutor  :218  [32m                  [0;39m Shutting down ExecutorService 'applicationTaskExecutor'
2024-06-21 00:04:22.180 INFO  com.example.wiki.WikiApplication                  :55   [32m                  [0;39m Starting WikiApplication using Java 1.8.0_402 on 192.168.1.3 with PID 42986 (/Users/coder-zjc/java-project/wiki/target/classes started by coder-zjc in /Users/coder-zjc/java-project/wiki)
2024-06-21 00:04:22.181 INFO  com.example.wiki.WikiApplication                  :660  [32m                  [0;39m No active profile set, falling back to default profiles: default
2024-06-21 00:04:22.201 INFO  o.s.b.d.env.DevToolsPropertyDefaultsPostProcessor :255  [32m                  [0;39m Devtools property defaults active! Set 'spring.devtools.add-properties' to 'false' to disable
2024-06-21 00:04:22.202 INFO  o.s.b.d.env.DevToolsPropertyDefaultsPostProcessor :255  [32m                  [0;39m For additional web related logging consider setting the 'logging.level.web' property to 'DEBUG'
2024-06-21 00:04:22.495 WARN  org.mybatis.spring.mapper.ClassPathMapperScanner  :44   [32m                  [0;39m No MyBatis mapper was found in '[com.example.wiki]' package. Please check your configuration.
2024-06-21 00:04:22.646 INFO  o.s.boot.web.embedded.tomcat.TomcatWebServer      :108  [32m                  [0;39m Tomcat initialized with port(s): 8082 (http)
2024-06-21 00:04:22.650 INFO  org.apache.coyote.http11.Http11NioProtocol        :173  [32m                  [0;39m Initializing ProtocolHandler ["http-nio-8082"]
2024-06-21 00:04:22.650 INFO  org.apache.catalina.core.StandardService          :173  [32m                  [0;39m Starting service [Tomcat]
2024-06-21 00:04:22.651 INFO  org.apache.catalina.core.StandardEngine           :173  [32m                  [0;39m Starting Servlet engine: [Apache Tomcat/9.0.39]
2024-06-21 00:04:22.672 INFO  o.a.c.core.ContainerBase.[Tomcat].[localhost].[/] :173  [32m                  [0;39m Initializing Spring embedded WebApplicationContext
2024-06-21 00:04:22.672 INFO  o.s.b.w.s.c.ServletWebServerApplicationContext    :289  [32m                  [0;39m Root WebApplicationContext: initialization completed in 470 ms
2024-06-21 00:04:22.771 INFO  o.s.scheduling.concurrent.ThreadPoolTaskExecutor  :181  [32m                  [0;39m Initializing ExecutorService 'applicationTaskExecutor'
2024-06-21 00:04:22.835 WARN  o.s.b.w.s.c.AnnotationConfigServletWebServerApplicationContext:596  [32m                  [0;39m Exception encountered during context initialization - cancelling refresh attempt: org.springframework.beans.factory.BeanCreationException: Error creating bean with name 'dataSource' defined in class path resource [org/springframework/boot/autoconfigure/jdbc/DataSourceConfiguration$Hikari.class]: Bean instantiation via factory method failed; nested exception is org.springframework.beans.BeanInstantiationException: Failed to instantiate [com.zaxxer.hikari.HikariDataSource]: Factory method 'dataSource' threw exception; nested exception is org.springframework.boot.autoconfigure.jdbc.DataSourceProperties$DataSourceBeanCreationException: Failed to determine a suitable driver class
2024-06-21 00:04:22.835 INFO  o.s.scheduling.concurrent.ThreadPoolTaskExecutor  :218  [32m                  [0;39m Shutting down ExecutorService 'applicationTaskExecutor'
2024-06-21 00:04:22.837 INFO  org.apache.catalina.core.StandardService          :173  [32m                  [0;39m Stopping service [Tomcat]
2024-06-21 00:04:22.846 INFO  o.s.b.a.l.ConditionEvaluationReportLoggingListener:136  [32m                  [0;39m 

Error starting ApplicationContext. To display the conditions report re-run your application with 'debug' enabled.
2024-06-21 00:04:22.856 ERROR o.s.b.diagnostics.LoggingFailureAnalysisReporter  :40   [32m                  [0;39m 

***************************
APPLICATION FAILED TO START
***************************

Description:

Failed to configure a DataSource: 'url' attribute is not specified and no embedded datasource could be configured.

Reason: Failed to determine a suitable driver class


Action:

Consider the following:
	If you want an embedded database (H2, HSQL or Derby), please put it on the classpath.
	If you have database settings to be loaded from a particular profile you may need to activate it (no profiles are currently active).

2024-06-21 00:04:33.142 INFO  com.example.wiki.WikiApplication                  :55   [32m                  [0;39m Starting WikiApplication using Java 1.8.0_402 on 192.168.1.3 with PID 43063 (/Users/coder-zjc/java-project/wiki/target/classes started by coder-zjc in /Users/coder-zjc/java-project/wiki)
2024-06-21 00:04:33.144 INFO  com.example.wiki.WikiApplication                  :660  [32m                  [0;39m No active profile set, falling back to default profiles: default
2024-06-21 00:04:33.164 INFO  o.s.b.d.env.DevToolsPropertyDefaultsPostProcessor :255  [32m                  [0;39m Devtools property defaults active! Set 'spring.devtools.add-properties' to 'false' to disable
2024-06-21 00:04:33.164 INFO  o.s.b.d.env.DevToolsPropertyDefaultsPostProcessor :255  [32m                  [0;39m For additional web related logging consider setting the 'logging.level.web' property to 'DEBUG'
2024-06-21 00:04:33.456 WARN  org.mybatis.spring.mapper.ClassPathMapperScanner  :44   [32m                  [0;39m No MyBatis mapper was found in '[com.example.wiki]' package. Please check your configuration.
2024-06-21 00:04:33.613 INFO  o.s.boot.web.embedded.tomcat.TomcatWebServer      :108  [32m                  [0;39m Tomcat initialized with port(s): 8082 (http)
2024-06-21 00:04:33.620 INFO  org.apache.coyote.http11.Http11NioProtocol        :173  [32m                  [0;39m Initializing ProtocolHandler ["http-nio-8082"]
2024-06-21 00:04:33.620 INFO  org.apache.catalina.core.StandardService          :173  [32m                  [0;39m Starting service [Tomcat]
2024-06-21 00:04:33.621 INFO  org.apache.catalina.core.StandardEngine           :173  [32m                  [0;39m Starting Servlet engine: [Apache Tomcat/9.0.39]
2024-06-21 00:04:33.646 INFO  o.a.c.core.ContainerBase.[Tomcat].[localhost].[/] :173  [32m                  [0;39m Initializing Spring embedded WebApplicationContext
2024-06-21 00:04:33.646 INFO  o.s.b.w.s.c.ServletWebServerApplicationContext    :289  [32m                  [0;39m Root WebApplicationContext: initialization completed in 481 ms
2024-06-21 00:04:33.738 INFO  o.s.scheduling.concurrent.ThreadPoolTaskExecutor  :181  [32m                  [0;39m Initializing ExecutorService 'applicationTaskExecutor'
2024-06-21 00:04:33.880 WARN  o.s.b.d.autoconfigure.OptionalLiveReloadServer    :61   [32m                  [0;39m Unable to start LiveReload server
2024-06-21 00:04:33.889 INFO  org.apache.coyote.http11.Http11NioProtocol        :173  [32m                  [0;39m Starting ProtocolHandler ["http-nio-8082"]
2024-06-21 00:04:33.899 INFO  o.s.boot.web.embedded.tomcat.TomcatWebServer      :220  [32m                  [0;39m Tomcat started on port(s): 8082 (http) with context path ''
2024-06-21 00:04:33.905 INFO  com.example.wiki.WikiApplication                  :61   [32m                  [0;39m Started WikiApplication in 0.992 seconds (JVM running for 1.265)
2024-06-21 00:04:33.907 INFO  com.example.wiki.WikiApplication                  :16   [32m                  [0;39m 启动成功！！
2024-06-21 00:04:33.907 INFO  com.example.wiki.WikiApplication                  :17   [32m                  [0;39m 地址: 	http://127.0.0.1:8082
